17:06:35.998 [main] INFO  factory.BaseClass - ----Successfully Scrolled to bottom of the page----
17:06:37.856 [main] INFO  factory.BaseClass - ----Successfully Clicked read more----
17:06:49.134 [main] INFO  factory.BaseClass - ----Successfully printed the details of the upcoming bikes----
17:06:52.355 [main] INFO  factory.BaseClass - ----Successfully navogated on the Used Cars----
17:06:56.731 [main] INFO  factory.BaseClass - ----Successfully hovered on the Used Cars----
17:07:04.446 [main] INFO  factory.BaseClass - ----Successfully clicked on the Used Cars in chennai----
17:07:05.022 [main] INFO  factory.BaseClass - ----Successfully Scrolled to bottom of the page----
17:07:07.373 [main] INFO  factory.BaseClass - ----Successfully displayed the popular car brand name----
17:07:10.323 [main] INFO  factory.BaseClass - ----Successfully navigated to home page----
17:07:16.666 [main] INFO  factory.BaseClass - ----Successfully clicked on login in home page----
17:07:17.906 [main] INFO  factory.BaseClass - ----Successfully clicked on google in signin home page----
17:07:22.063 [main] INFO  factory.BaseClass - ----Successfully switched to login tab----
17:07:22.970 [main] INFO  factory.BaseClass - ----Successfully sent the mail-ID to login page----
17:07:24.760 [main] INFO  factory.BaseClass - ----Successfully procedded with the Mail-ID----
17:07:28.176 [main] INFO  factory.BaseClass - ----Successfully captured the Error message----
15:47:40.402 [main] INFO  factory.BaseClass - ----Successfully clicked on the Page Logo----
15:47:45.449 [main] INFO  factory.BaseClass - ----Successfully navigated on the Upcoming Bikes----
15:48:05.996 [main] INFO  factory.BaseClass - ----Successfully printed the details of upcoming bikes----
15:48:15.519 [main] INFO  factory.BaseClass - ----Successfully navigated to Used Cars----
15:48:16.919 [main] INFO  factory.BaseClass - ----Successfully printed the details of the popular car models----
15:48:29.703 [main] INFO  factory.BaseClass - ----Opened the sign In using google page----
15:48:33.935 [main] INFO  factory.BaseClass - ----Captured the error successfully----
15:49:24.506 [main] INFO  factory.BaseClass - ----Successfully Hovered on the upcoming Bikes----
15:49:26.420 [main] INFO  factory.BaseClass - ----Successfully clicked on the upcoming Bikes----
15:49:29.951 [main] INFO  factory.BaseClass - ----Successfully Selected Brand as "HONDA"----
15:49:35.375 [main] INFO  factory.BaseClass - ----Successfully Scrolled to bottom of the page----
15:49:35.953 [main] INFO  factory.BaseClass - ----Successfully Clicked read more----
15:49:44.318 [main] INFO  factory.BaseClass - ----Successfully printed the details of the upcoming bikes----
15:49:46.281 [main] INFO  factory.BaseClass - ----Successfully navogated on the Used Cars----
15:49:50.153 [main] INFO  factory.BaseClass - ----Successfully hovered on the Used Cars----
15:49:57.232 [main] INFO  factory.BaseClass - ----Successfully clicked on the Used Cars in chennai----
15:49:57.581 [main] INFO  factory.BaseClass - ----Successfully Scrolled to bottom of the page----
15:49:58.794 [main] INFO  factory.BaseClass - ----Successfully displayed the popular car brand name----
15:50:00.596 [main] INFO  factory.BaseClass - ----Successfully navigated to home page----
15:50:06.098 [main] INFO  factory.BaseClass - ----Successfully clicked on login in home page----
15:50:06.840 [main] INFO  factory.BaseClass - ----Successfully clicked on google in signin home page----
15:50:10.557 [main] INFO  factory.BaseClass - ----Successfully switched to login tab----
15:50:11.055 [main] INFO  factory.BaseClass - ----Successfully sent the mail-ID to login page----
15:50:11.913 [main] INFO  factory.BaseClass - ----Successfully procedded with the Mail-ID----
15:50:15.212 [main] INFO  factory.BaseClass - ----Successfully captured the Error message----
10:56:25.403 [main] INFO  factory.BaseClass - ----Successfully clicked on the Page Logo----
10:56:31.856 [main] INFO  factory.BaseClass - ----Successfully navigated on the Upcoming Bikes----
10:56:53.126 [main] INFO  factory.BaseClass - ----Successfully printed the details of upcoming bikes----
10:57:03.638 [main] INFO  factory.BaseClass - ----Successfully navigated to Used Cars----
10:57:05.538 [main] INFO  factory.BaseClass - ----Successfully printed the details of the popular car models----
10:57:18.672 [main] INFO  factory.BaseClass - ----Opened the sign In using google page----
10:57:23.600 [main] INFO  factory.BaseClass - ----Captured the error successfully----
10:58:43.815 [main] INFO  factory.BaseClass - ----Successfully Hovered on the upcoming Bikes----
10:58:46.949 [main] INFO  factory.BaseClass - ----Successfully clicked on the upcoming Bikes----
10:58:50.475 [main] INFO  factory.BaseClass - ----Successfully Selected Brand as "HONDA"----
10:58:58.059 [main] INFO  factory.BaseClass - ----Successfully Scrolled to bottom of the page----
10:58:58.876 [main] INFO  factory.BaseClass - ----Successfully Clicked read more----
