11:24:42.533 [main] INFO  factory.BaseClass - ----Successfully switched to login tab----
11:24:43.806 [main] INFO  factory.BaseClass - ----Successfully sent the mail-ID to login page----
11:24:45.073 [main] INFO  factory.BaseClass - ----Successfully procedded with the Mail-ID----
11:24:48.434 [main] INFO  factory.BaseClass - ----Successfully captured the Error message----
15:20:50.558 [main] INFO  factory.BaseClass - ----Successfully clicked on the Page Logo----
15:20:57.076 [main] INFO  factory.BaseClass - ----Successfully navigated on the Upcoming Bikes----
15:21:19.038 [main] INFO  factory.BaseClass - ----Successfully printed the details of upcoming bikes----
15:22:45.356 [main] INFO  factory.BaseClass - ----Opened the sign In using google page----
15:22:49.847 [main] INFO  factory.BaseClass - ----Captured the error successfully----
15:24:19.349 [main] INFO  factory.BaseClass - ----Successfully Hovered on the upcoming Bikes----
15:24:25.888 [main] INFO  factory.BaseClass - ----Successfully clicked on the upcoming Bikes----
15:24:31.731 [main] INFO  factory.BaseClass - ----Successfully Selected Brand as "HONDA"----
15:24:37.255 [main] INFO  factory.BaseClass - ----Successfully Scrolled to bottom of the page----
15:24:38.182 [main] INFO  factory.BaseClass - ----Successfully Clicked read more----
15:24:54.862 [main] INFO  factory.BaseClass - ----Successfully printed the details of the upcoming bikes----
15:25:00.501 [main] INFO  factory.BaseClass - ----Successfully navigated on the Used Cars----
15:25:03.685 [main] INFO  factory.BaseClass - ----Successfully hovered on the Used Cars----
15:25:30.172 [main] INFO  factory.BaseClass - ----Successfully clicked on the Used Cars in chennai----
15:25:30.593 [main] INFO  factory.BaseClass - ----Successfully Scrolled to bottom of the page----
15:25:32.183 [main] INFO  factory.BaseClass - ----Successfully displayed the popular car brand name----
15:25:36.453 [main] INFO  factory.BaseClass - ----Successfully navigated to home page----
15:25:41.766 [main] INFO  factory.BaseClass - ----Successfully clicked on login in home page----
15:25:42.569 [main] INFO  factory.BaseClass - ----Successfully clicked on google in signin home page----
15:25:46.687 [main] INFO  factory.BaseClass - ----Successfully switched to login tab----
15:25:47.150 [main] INFO  factory.BaseClass - ----Successfully sent the mail-ID to login page----
15:25:48.013 [main] INFO  factory.BaseClass - ----Successfully procedded with the Mail-ID----
15:25:56.610 [main] INFO  factory.BaseClass - ----Successfully captured the Error message----
23:06:54.140 [main] INFO  factory.BaseClass - ----Successfully clicked on the Page Logo----
23:06:58.938 [main] INFO  factory.BaseClass - ----Successfully navigated on the Upcoming Bikes----
23:07:19.951 [main] INFO  factory.BaseClass - ----Successfully printed the details of upcoming bikes----
23:07:30.523 [main] INFO  factory.BaseClass - ----Successfully navigated to Used Cars----
23:07:32.597 [main] INFO  factory.BaseClass - ----Successfully printed the details of the popular car models----
23:07:45.919 [main] INFO  factory.BaseClass - ----Opened the sign In using google page----
23:07:50.188 [main] INFO  factory.BaseClass - ----Captured the error successfully----
23:09:14.332 [main] INFO  factory.BaseClass - ----Successfully Hovered on the upcoming Bikes----
23:09:16.233 [main] INFO  factory.BaseClass - ----Successfully clicked on the upcoming Bikes----
23:09:20.138 [main] INFO  factory.BaseClass - ----Successfully Selected Brand as "HONDA"----
23:09:26.532 [main] INFO  factory.BaseClass - ----Successfully Scrolled to bottom of the page----
23:09:28.920 [main] INFO  factory.BaseClass - ----Successfully Clicked read more----
23:09:36.322 [main] INFO  factory.BaseClass - ----Successfully printed the details of the upcoming bikes----
23:09:38.436 [main] INFO  factory.BaseClass - ----Successfully navigated on the Used Cars----
23:09:42.578 [main] INFO  factory.BaseClass - ----Successfully hovered on the Used Cars----
23:09:46.932 [main] INFO  factory.BaseClass - ----Successfully clicked on the Used Cars in chennai----
23:09:47.329 [main] INFO  factory.BaseClass - ----Successfully Scrolled to bottom of the page----
23:09:48.834 [main] INFO  factory.BaseClass - ----Successfully displayed the popular car brand name----
23:09:52.035 [main] INFO  factory.BaseClass - ----Successfully navigated to home page----
23:09:57.603 [main] INFO  factory.BaseClass - ----Successfully clicked on login in home page----
23:09:58.700 [main] INFO  factory.BaseClass - ----Successfully clicked on google in signin home page----
23:10:02.371 [main] INFO  factory.BaseClass - ----Successfully switched to login tab----
23:10:02.822 [main] INFO  factory.BaseClass - ----Successfully sent the mail-ID to login page----
23:10:03.571 [main] INFO  factory.BaseClass - ----Successfully procedded with the Mail-ID----
23:10:06.833 [main] INFO  factory.BaseClass - ----Successfully captured the Error message----
