23:14:40.511 [main] INFO  factory.BaseClass - ----Successfully clicked on the Page Logo----
23:14:45.443 [main] INFO  factory.BaseClass - ----Successfully navigated on the Upcoming Bikes----
23:15:08.066 [main] INFO  factory.BaseClass - ----Successfully printed the details of upcoming bikes----
23:15:17.132 [main] INFO  factory.BaseClass - ----Successfully navigated to Used Cars----
23:15:18.574 [main] INFO  factory.BaseClass - ----Successfully printed the details of the popular car models----
23:15:29.619 [main] INFO  factory.BaseClass - ----Opened the sign In using google page----
23:15:31.872 [main] INFO  factory.BaseClass - ----Captured the error successfully----
23:16:24.482 [main] INFO  factory.BaseClass - ----Successfully Hovered on the upcoming Bikes----
23:16:29.707 [main] INFO  factory.BaseClass - ----Successfully clicked on the upcoming Bikes----
23:16:36.325 [main] INFO  factory.BaseClass - ----Successfully Selected Brand as "HONDA"----
23:16:43.092 [main] INFO  factory.BaseClass - ----Successfully Scrolled to bottom of the page----
23:16:45.711 [main] INFO  factory.BaseClass - ----Successfully Clicked read more----
23:16:52.001 [main] INFO  factory.BaseClass - ----Successfully printed the details of the upcoming bikes----
23:16:57.397 [main] INFO  factory.BaseClass - ----Successfully navigated on the Used Cars----
23:17:00.916 [main] INFO  factory.BaseClass - ----Successfully hovered on the Used Cars----
23:17:06.350 [main] INFO  factory.BaseClass - ----Successfully clicked on the Used Cars in chennai----
23:17:06.762 [main] INFO  factory.BaseClass - ----Successfully Scrolled to bottom of the page----
23:17:08.516 [main] INFO  factory.BaseClass - ----Successfully displayed the popular car brand name----
23:17:11.638 [main] INFO  factory.BaseClass - ----Successfully navigated to home page----
23:17:14.545 [main] INFO  factory.BaseClass - ----Successfully clicked on login in home page----
23:17:15.243 [main] INFO  factory.BaseClass - ----Successfully clicked on google in signin home page----
23:17:18.876 [main] INFO  factory.BaseClass - ----Successfully switched to login tab----
23:17:19.486 [main] INFO  factory.BaseClass - ----Successfully sent the mail-ID to login page----
23:17:20.622 [main] INFO  factory.BaseClass - ----Successfully procedded with the Mail-ID----
23:17:21.901 [main] INFO  factory.BaseClass - ----Successfully captured the Error message----
13:29:21.294 [main] INFO  factory.BaseClass - ----Successfully clicked on the Page Logo----
13:29:57.186 [main] INFO  factory.BaseClass - ----Successfully navigated on the Upcoming Bikes----
